\BOOKMARK [0][-]{chapter.1}{\376\377\000A\000b\000o\000u\000t}{}% 1
\BOOKMARK [1][-]{section.1.1}{\376\377\000U\000s\000a\000g\000e}{chapter.1}% 2
\BOOKMARK [1][-]{section.1.2}{\376\377\000R\000e\000n\000d\000e\000r\000\040\000b\000o\000o\000k}{chapter.1}% 3
\BOOKMARK [1][-]{section.1.3}{\376\377\000P\000r\000e\000v\000i\000e\000w\000\040\000b\000o\000o\000k}{chapter.1}% 4
\BOOKMARK [0][-]{chapter.2}{\376\377\000R\000e\000l\000i\000a\000b\000i\000l\000i\000t\000e\000t}{}% 5
\BOOKMARK [1][-]{section.2.1}{\376\377\000I\000n\000t\000r\000o\000d\000u\000k\000s\000j\000o\000n}{chapter.2}% 6
\BOOKMARK [1][-]{section.2.2}{\376\377\000M\000e\000t\000o\000d\000e}{chapter.2}% 7
\BOOKMARK [1][-]{section.2.3}{\376\377\000R\000e\000s\000u\000l\000t\000a\000t\000e\000r}{chapter.2}% 8
\BOOKMARK [1][-]{section.2.4}{\376\377\000D\000i\000s\000k\000u\000s\000j\000o\000n}{chapter.2}% 9
\BOOKMARK [1][-]{section.2.5}{\376\377\000R\000e\000f\000e\000r\000a\000n\000s\000e\000r}{chapter.2}% 10
\BOOKMARK [0][-]{chapter.3}{\376\377\000V\000i\000t\000e\000n\000s\000k\000a\000p\000s\000t\000e\000o\000r\000i}{}% 11
\BOOKMARK [1][-]{section.3.1}{\376\377\000F\000a\000l\000s\000i\000f\000i\000k\000a\000s\000j\000o\000n\000i\000s\000m\000e}{chapter.3}% 12
\BOOKMARK [1][-]{section.3.2}{\376\377\000H\000D\000-\000m\000e\000t\000o\000d\000e\000n\000\040\000o\000g\000\040\000a\000b\000d\000u\000k\000s\000j\000o\000n}{chapter.3}% 13
\BOOKMARK [1][-]{section.3.3}{\376\377\000R\000e\000p\000l\000i\000k\000a\000s\000j\000o\000n\000s\000k\000r\000i\000s\000e\000n}{chapter.3}% 14
\BOOKMARK [0][-]{chapter.4}{\376\377\000S\000t\000u\000d\000i\000e\000d\000e\000s\000i\000g\000n}{}% 15
\BOOKMARK [1][-]{section.4.1}{\376\377\000F\000o\000r\000m\000\345\000l}{chapter.4}% 16
\BOOKMARK [1][-]{section.4.2}{\376\377\000M\000e\000t\000o\000d\000i\000s\000k\000\040\000s\000a\000m\000m\000e\000n\000l\000i\000g\000n\000i\000n\000g}{chapter.4}% 17
\BOOKMARK [1][-]{section.4.3}{\376\377\000R\000e\000s\000u\000l\000t\000a\000t\000e\000r}{chapter.4}% 18
\BOOKMARK [1][-]{section.4.4}{\376\377\000K\000o\000n\000k\000l\000u\000s\000j\000o\000n\000e\000r}{chapter.4}% 19
\BOOKMARK [1][-]{section.4.5}{\376\377\000R\000e\000f\000e\000r\000a\000n\000s\000e\000r}{chapter.4}% 20
\BOOKMARK [0][-]{chapter.5}{\376\377\000M\000i\000x\000e\000d\000\040\000M\000e\000t\000h\000o\000d\000s}{}% 21
\BOOKMARK [1][-]{section.5.1}{\376\377\000I\000n\000t\000r\000o\000d\000u\000k\000s\000j\000o\000n}{chapter.5}% 22
\BOOKMARK [1][-]{section.5.2}{\376\377\000M\000e\000t\000o\000d\000e}{chapter.5}% 23
\BOOKMARK [1][-]{section.5.3}{\376\377\000R\000e\000s\000u\000l\000t\000a\000t\000e\000r}{chapter.5}% 24
\BOOKMARK [1][-]{section.5.4}{\376\377\000K\000o\000n\000k\000l\000u\000s\000j\000o\000n}{chapter.5}% 25
